2014-04-24 19:45:08.639 Trails[13250:70b] Multi-tasking -> Device: YES, App: YES
2014-04-24 19:45:08.670 Trails[13250:70b] Unlimited access to network resources
2014-04-24 19:45:08.910 Trails[13250:70b] Resetting plugins due to page load.
2014-04-24 19:45:09.173 Trails[13250:70b] Finished load of: file:///Users/alanjosephwilliams/Library/Application%20Support/iPhone%20Simulator/7.1/Applications/B36798AC-4293-429B-8B1D-FC635629ABAE/Trails.app/www/index.html
2014-04-24 19:45:09.415 Trails[13250:70b] CDVPlugin class CDVLocation (pluginName: Geolocation) does not exist.
2014-04-24 19:45:09.415 Trails[13250:70b] ERROR: Plugin 'Geolocation' not found, or is not a CDVPlugin. Check your plugin mapping in config.xml.
2014-04-24 19:45:09.415 Trails[13250:70b] -[CDVCommandQueue executePending] [Line 158] FAILED pluginJSON = [
  "Geolocation1658949310",
  "Geolocation",
  "getLocation",
  [
    false,
    0
  ]
]
2014-04-24 19:45:09.415 Trails[13250:70b] CDVPlugin class CDVLocation (pluginName: Geolocation) does not exist.
2014-04-24 19:45:09.416 Trails[13250:70b] ERROR: Plugin 'Geolocation' not found, or is not a CDVPlugin. Check your plugin mapping in config.xml.
2014-04-24 19:45:09.416 Trails[13250:70b] -[CDVCommandQueue executePending] [Line 158] FAILED pluginJSON = [
  "Geolocation1658949311",
  "Geolocation",
  "addWatch",
  [
    "461caeac-b182-49e8-7303-2aa277a51108",
    false
  ]
]
2014-04-24 19:54:39.865 Trails[13738:70b] Multi-tasking -> Device: YES, App: YES
2014-04-24 19:54:39.871 Trails[13738:70b] Unlimited access to network resources
2014-04-24 19:54:39.923 Trails[13738:70b] Resetting plugins due to page load.
2014-04-24 19:54:40.085 Trails[13738:70b] Finished load of: file:///Users/alanjosephwilliams/Library/Application%20Support/iPhone%20Simulator/7.1/Applications/B36798AC-4293-429B-8B1D-FC635629ABAE/Trails.app/www/index.html
2014-04-24 19:54:40.738 Trails[13738:70b] CDVPlugin class CDVLocation (pluginName: Geolocation) does not exist.
2014-04-24 19:54:40.738 Trails[13738:70b] ERROR: Plugin 'Geolocation' not found, or is not a CDVPlugin. Check your plugin mapping in config.xml.
2014-04-24 19:54:40.739 Trails[13738:70b] -[CDVCommandQueue executePending] [Line 158] FAILED pluginJSON = [
  "Geolocation1203445542",
  "Geolocation",
  "getLocation",
  [
    false,
    0
  ]
]
2014-04-24 19:54:40.739 Trails[13738:70b] CDVPlugin class CDVLocation (pluginName: Geolocation) does not exist.
2014-04-24 19:54:40.739 Trails[13738:70b] ERROR: Plugin 'Geolocation' not found, or is not a CDVPlugin. Check your plugin mapping in config.xml.
2014-04-24 19:54:40.740 Trails[13738:70b] -[CDVCommandQueue executePending] [Line 158] FAILED pluginJSON = [
  "Geolocation1203445543",
  "Geolocation",
  "addWatch",
  [
    "8bf743a9-7854-d921-c75b-ae39eb007b4c",
    false
  ]
]
2014-04-24 20:18:50.903 Trails[14366:70b] Multi-tasking -> Device: YES, App: YES
2014-04-24 20:18:50.909 Trails[14366:70b] Unlimited access to network resources
2014-04-24 20:18:51.043 Trails[14366:70b] Resetting plugins due to page load.
2014-04-24 20:18:51.134 Trails[14366:70b] Finished load of: file:///Users/alanjosephwilliams/Library/Application%20Support/iPhone%20Simulator/7.1/Applications/B36798AC-4293-429B-8B1D-FC635629ABAE/Trails.app/www/index.html
2014-04-24 20:18:51.849 Trails[14366:70b] CDVPlugin class CDVLocation (pluginName: Geolocation) does not exist.
2014-04-24 20:18:51.849 Trails[14366:70b] ERROR: Plugin 'Geolocation' not found, or is not a CDVPlugin. Check your plugin mapping in config.xml.
2014-04-24 20:18:51.849 Trails[14366:70b] -[CDVCommandQueue executePending] [Line 158] FAILED pluginJSON = [
  "Geolocation342402599",
  "Geolocation",
  "getLocation",
  [
    false,
    0
  ]
]
2014-04-24 20:18:51.849 Trails[14366:70b] CDVPlugin class CDVLocation (pluginName: Geolocation) does not exist.
2014-04-24 20:18:51.850 Trails[14366:70b] ERROR: Plugin 'Geolocation' not found, or is not a CDVPlugin. Check your plugin mapping in config.xml.
2014-04-24 20:18:51.850 Trails[14366:70b] -[CDVCommandQueue executePending] [Line 158] FAILED pluginJSON = [
  "Geolocation342402600",
  "Geolocation",
  "addWatch",
  [
    "1cdf2f11-15a0-5044-f70e-1a97e5a9e258",
    false
  ]
]
